<?xml version="1.0" encoding="UTF-8"?>
<!-- Generated by org.testng.reporters.JUnitXMLReporter -->
<testsuite ignored="0" hostname="RFL509" failures="0" tests="9" name="Default test" time="15.682" errors="0" timestamp="2024-10-22T13:15:51 IST">
  <testcase classname="api.test.UserDataDrivenTest" name="testDDPostUsers" time="2.427"/>
  <testcase classname="api.test.UserDataDrivenTest" name="testDDPostUsers" time="1.101"/>
  <testcase classname="api.test.UserDataDrivenTest" name="testDDPostUsers" time="1.106"/>
  <testcase classname="api.test.UserDataDrivenTest" name="testDDGetUsersByName" time="1.133"/>
  <testcase classname="api.test.UserDataDrivenTest" name="testDDGetUsersByName" time="1.107"/>
  <testcase classname="api.test.UserDataDrivenTest" name="testDDGetUsersByName" time="1.104"/>
  <testcase classname="api.test.UserDataDrivenTest" name="testDDUpdateExistingUsers" time="2.201"/>
  <testcase classname="api.test.UserDataDrivenTest" name="testDDUpdateExistingUsers" time="2.222"/>
  <testcase classname="api.test.UserDataDrivenTest" name="testDDUpdateExistingUsers" time="2.221"/>
</testsuite> <!-- Default test -->
