<?xml version="1.0" encoding="UTF-8"?>
<testng-results ignored="0" total="12" passed="12" failed="0" skipped="0">
  <reporter-output>
  </reporter-output>
  <suite started-at="2024-10-26T17:38:23 IST" name="PetSuite" finished-at="2024-10-26T17:38:45 IST" duration-ms="21687">
    <groups>
    </groups>
    <test started-at="2024-10-26T17:38:23 IST" name="PetTest" finished-at="2024-10-26T17:38:45 IST" duration-ms="21687">
      <class name="api.test.UserDataDrivenTest">
        <test-method signature="testDDPostUsers(java.lang.String,java.lang.String,java.lang.String,java.lang.String,java.lang.String,java.lang.String,java.lang.String)[pri:1, instance:api.test.UserDataDrivenTest@67a20f67]" started-at="2024-10-26T17:38:25 IST" name="testDDPostUsers" data-provider="Data" finished-at="2024-10-26T17:38:27 IST" duration-ms="2644" status="PASS">
          <params>
            <param index="0">
              <value>
                <![CDATA[1010]]>
              </value>
            </param>
            <param index="1">
              <value>
                <![CDATA[testuser1]]>
              </value>
            </param>
            <param index="2">
              <value>
                <![CDATA[John]]>
              </value>
            </param>
            <param index="3">
              <value>
                <![CDATA[Canedy]]>
              </value>
            </param>
            <param index="4">
              <value>
                <![CDATA[a@gmail.com]]>
              </value>
            </param>
            <param index="5">
              <value>
                <![CDATA[test@1]]>
              </value>
            </param>
            <param index="6">
              <value>
                <![CDATA[9845678398]]>
              </value>
            </param>
          </params>
          <reporter-output>
          </reporter-output>
        </test-method> <!-- testDDPostUsers -->
        <test-method signature="testDDPostUsers(java.lang.String,java.lang.String,java.lang.String,java.lang.String,java.lang.String,java.lang.String,java.lang.String)[pri:1, instance:api.test.UserDataDrivenTest@67a20f67]" started-at="2024-10-26T17:38:27 IST" name="testDDPostUsers" data-provider="Data" finished-at="2024-10-26T17:38:28 IST" duration-ms="1128" status="PASS">
          <params>
            <param index="0">
              <value>
                <![CDATA[1020]]>
              </value>
            </param>
            <param index="1">
              <value>
                <![CDATA[testuser2]]>
              </value>
            </param>
            <param index="2">
              <value>
                <![CDATA[Kim]]>
              </value>
            </param>
            <param index="3">
              <value>
                <![CDATA[Kom]]>
              </value>
            </param>
            <param index="4">
              <value>
                <![CDATA[b@gmail.com]]>
              </value>
            </param>
            <param index="5">
              <value>
                <![CDATA[test@2]]>
              </value>
            </param>
            <param index="6">
              <value>
                <![CDATA[7864563765]]>
              </value>
            </param>
          </params>
          <reporter-output>
          </reporter-output>
        </test-method> <!-- testDDPostUsers -->
        <test-method signature="testDDPostUsers(java.lang.String,java.lang.String,java.lang.String,java.lang.String,java.lang.String,java.lang.String,java.lang.String)[pri:1, instance:api.test.UserDataDrivenTest@67a20f67]" started-at="2024-10-26T17:38:28 IST" name="testDDPostUsers" data-provider="Data" finished-at="2024-10-26T17:38:30 IST" duration-ms="1130" status="PASS">
          <params>
            <param index="0">
              <value>
                <![CDATA[1030]]>
              </value>
            </param>
            <param index="1">
              <value>
                <![CDATA[testuser3]]>
              </value>
            </param>
            <param index="2">
              <value>
                <![CDATA[Smith]]>
              </value>
            </param>
            <param index="3">
              <value>
                <![CDATA[Steve]]>
              </value>
            </param>
            <param index="4">
              <value>
                <![CDATA[c@gmail.com]]>
              </value>
            </param>
            <param index="5">
              <value>
                <![CDATA[test@3]]>
              </value>
            </param>
            <param index="6">
              <value>
                <![CDATA[6786549876]]>
              </value>
            </param>
          </params>
          <reporter-output>
          </reporter-output>
        </test-method> <!-- testDDPostUsers -->
        <test-method signature="testDDGetUsersByName(java.lang.String)[pri:2, instance:api.test.UserDataDrivenTest@67a20f67]" started-at="2024-10-26T17:38:30 IST" name="testDDGetUsersByName" data-provider="UserNames" finished-at="2024-10-26T17:38:31 IST" duration-ms="1143" status="PASS">
          <params>
            <param index="0">
              <value>
                <![CDATA[testuser1]]>
              </value>
            </param>
          </params>
          <reporter-output>
          </reporter-output>
        </test-method> <!-- testDDGetUsersByName -->
        <test-method signature="testDDGetUsersByName(java.lang.String)[pri:2, instance:api.test.UserDataDrivenTest@67a20f67]" started-at="2024-10-26T17:38:31 IST" name="testDDGetUsersByName" data-provider="UserNames" finished-at="2024-10-26T17:38:32 IST" duration-ms="1130" status="PASS">
          <params>
            <param index="0">
              <value>
                <![CDATA[testuser2]]>
              </value>
            </param>
          </params>
          <reporter-output>
          </reporter-output>
        </test-method> <!-- testDDGetUsersByName -->
        <test-method signature="testDDGetUsersByName(java.lang.String)[pri:2, instance:api.test.UserDataDrivenTest@67a20f67]" started-at="2024-10-26T17:38:32 IST" name="testDDGetUsersByName" data-provider="UserNames" finished-at="2024-10-26T17:38:33 IST" duration-ms="1146" status="PASS">
          <params>
            <param index="0">
              <value>
                <![CDATA[testuser3]]>
              </value>
            </param>
          </params>
          <reporter-output>
          </reporter-output>
        </test-method> <!-- testDDGetUsersByName -->
        <test-method signature="testDDUpdateExistingUsers(java.lang.String)[pri:3, instance:api.test.UserDataDrivenTest@67a20f67]" started-at="2024-10-26T17:38:33 IST" name="testDDUpdateExistingUsers" data-provider="UserNames" finished-at="2024-10-26T17:38:35 IST" duration-ms="2257" status="PASS">
          <params>
            <param index="0">
              <value>
                <![CDATA[testuser1]]>
              </value>
            </param>
          </params>
          <reporter-output>
          </reporter-output>
        </test-method> <!-- testDDUpdateExistingUsers -->
        <test-method signature="testDDUpdateExistingUsers(java.lang.String)[pri:3, instance:api.test.UserDataDrivenTest@67a20f67]" started-at="2024-10-26T17:38:35 IST" name="testDDUpdateExistingUsers" data-provider="UserNames" finished-at="2024-10-26T17:38:38 IST" duration-ms="2244" status="PASS">
          <params>
            <param index="0">
              <value>
                <![CDATA[testuser2]]>
              </value>
            </param>
          </params>
          <reporter-output>
          </reporter-output>
        </test-method> <!-- testDDUpdateExistingUsers -->
        <test-method signature="testDDUpdateExistingUsers(java.lang.String)[pri:3, instance:api.test.UserDataDrivenTest@67a20f67]" started-at="2024-10-26T17:38:38 IST" name="testDDUpdateExistingUsers" data-provider="UserNames" finished-at="2024-10-26T17:38:40 IST" duration-ms="2260" status="PASS">
          <params>
            <param index="0">
              <value>
                <![CDATA[testuser3]]>
              </value>
            </param>
          </params>
          <reporter-output>
          </reporter-output>
        </test-method> <!-- testDDUpdateExistingUsers -->
      </class> <!-- api.test.UserDataDrivenTest -->
      <class name="api.test.UserTest">
        <test-method is-config="true" signature="setUpData()[pri:0, instance:api.test.UserTest@130161f7]" started-at="2024-10-26T17:38:40 IST" name="setUpData" finished-at="2024-10-26T17:38:40 IST" duration-ms="189" status="PASS">
          <reporter-output>
          </reporter-output>
        </test-method> <!-- setUpData -->
        <test-method signature="testPostUsers()[pri:1, instance:api.test.UserTest@130161f7]" started-at="2024-10-26T17:38:40 IST" name="testPostUsers" finished-at="2024-10-26T17:38:41 IST" duration-ms="1144" status="PASS">
          <reporter-output>
          </reporter-output>
        </test-method> <!-- testPostUsers -->
        <test-method signature="testGetUsersByName()[pri:2, instance:api.test.UserTest@130161f7]" started-at="2024-10-26T17:38:41 IST" name="testGetUsersByName" finished-at="2024-10-26T17:38:42 IST" duration-ms="1115" status="PASS">
          <reporter-output>
          </reporter-output>
        </test-method> <!-- testGetUsersByName -->
        <test-method signature="testUpdateExistingUsers()[pri:3, instance:api.test.UserTest@130161f7]" started-at="2024-10-26T17:38:42 IST" name="testUpdateExistingUsers" finished-at="2024-10-26T17:38:45 IST" duration-ms="2289" status="PASS">
          <reporter-output>
          </reporter-output>
        </test-method> <!-- testUpdateExistingUsers -->
      </class> <!-- api.test.UserTest -->
    </test> <!-- PetTest -->
  </suite> <!-- PetSuite -->
</testng-results>
