<?xml version="1.0" encoding="UTF-8"?>
<!-- Generated by org.testng.reporters.JUnitXMLReporter -->
<testsuite ignored="0" hostname="RFL509" failures="0" tests="12" name="PetTest" time="21.687" errors="0" timestamp="2024-10-26T17:38:45 IST">
  <testcase classname="api.test.UserDataDrivenTest" name="testDDPostUsers" time="2.644"/>
  <testcase classname="api.test.UserDataDrivenTest" name="testDDPostUsers" time="1.128"/>
  <testcase classname="api.test.UserDataDrivenTest" name="testDDPostUsers" time="1.13"/>
  <testcase classname="api.test.UserDataDrivenTest" name="testDDGetUsersByName" time="1.143"/>
  <testcase classname="api.test.UserDataDrivenTest" name="testDDGetUsersByName" time="1.13"/>
  <testcase classname="api.test.UserDataDrivenTest" name="testDDGetUsersByName" time="1.146"/>
  <testcase classname="api.test.UserDataDrivenTest" name="testDDUpdateExistingUsers" time="2.257"/>
  <testcase classname="api.test.UserDataDrivenTest" name="testDDUpdateExistingUsers" time="2.244"/>
  <testcase classname="api.test.UserDataDrivenTest" name="testDDUpdateExistingUsers" time="2.26"/>
  <testcase classname="api.test.UserTest" name="testPostUsers" time="1.144"/>
  <testcase classname="api.test.UserTest" name="testGetUsersByName" time="1.115"/>
  <testcase classname="api.test.UserTest" name="testUpdateExistingUsers" time="2.289"/>
</testsuite> <!-- PetTest -->
