<?xml version="1.0" encoding="UTF-8"?>
<!-- Generated by org.testng.reporters.JUnitXMLReporter -->
<testsuite ignored="0" hostname="RFL509" failures="0" tests="6" name="PetTest" time="16.672" errors="0" timestamp="2024-10-22T17:59:57 IST">
  <testcase classname="api.test.UserDataDrivenTest" name="testDDPostUsers" time="0.0">
    <skipped/>
  </testcase> <!-- testDDPostUsers -->
  <testcase classname="api.test.UserDataDrivenTest" name="testDDGetUsersByName" time="0.0">
    <skipped/>
  </testcase> <!-- testDDGetUsersByName -->
  <testcase classname="api.test.UserDataDrivenTest" name="testDDUpdateExistingUsers" time="0.0">
    <skipped/>
  </testcase> <!-- testDDUpdateExistingUsers -->
  <testcase classname="api.test.UserTest" name="testPostUsers" time="8.593"/>
  <testcase classname="api.test.UserTest" name="testGetUsersByName" time="1.417"/>
  <testcase classname="api.test.UserTest" name="testUpdateExistingUsers" time="2.599"/>
</testsuite> <!-- PetTest -->
